<?xml version="1.0" encoding="UTF-8"?>
<!-- Generated by org.testng.reporters.JUnitReportReporter -->
<testsuite skipped="0" hostname="Truptis-MacBook-Air.local" name="com.sales.qa.testcases.HomePageTest" tests="1" failures="0" timestamp="13 Feb 2020 07:42:38 GMT" time="0.009" errors="0">
  <testcase name="HomepageTest" time="0.009" classname="com.sales.qa.testcases.HomePageTest"/>
</testsuite> <!-- com.sales.qa.testcases.HomePageTest -->
